  FileName.cpp
M:\4TH SEMESTER\DSA\lab 2 Formatted files stream\Task 2\Task 2\FileName.cpp(29,4): error C2678: binary '<<': no operator found which takes a left-hand operand of type 'std::ostream' (or there is no acceptable conversion)
C:\Program Files\Microsoft Visual Studio\2022\Community\VC\Tools\MSVC\14.37.32822\include\ostream(481,39): message : could be 'std::basic_ostream<char,std::char_traits<char>> &std::basic_ostream<char,std::char_traits<char>>::operator <<(std::basic_streambuf<char,std::char_traits<char>> *)'
C:\Program Files\Microsoft Visual Studio\2022\Community\VC\Tools\MSVC\14.37.32822\include\ostream(449,39): message : or       'std::basic_ostream<char,std::char_traits<char>> &std::basic_ostream<char,std::char_traits<char>>::operator <<(const void *)'
C:\Program Files\Microsoft Visual Studio\2022\Community\VC\Tools\MSVC\14.37.32822\include\ostream(431,39): message : or       'std::basic_ostream<char,std::char_traits<char>> &std::basic_ostream<char,std::char_traits<char>>::operator <<(long double)'
C:\Program Files\Microsoft Visual Studio\2022\Community\VC\Tools\MSVC\14.37.32822\include\ostream(413,39): message : or       'std::basic_ostream<char,std::char_traits<char>> &std::basic_ostream<char,std::char_traits<char>>::operator <<(double)'
C:\Program Files\Microsoft Visual Studio\2022\Community\VC\Tools\MSVC\14.37.32822\include\ostream(395,39): message : or       'std::basic_ostream<char,std::char_traits<char>> &std::basic_ostream<char,std::char_traits<char>>::operator <<(float)'
C:\Program Files\Microsoft Visual Studio\2022\Community\VC\Tools\MSVC\14.37.32822\include\ostream(377,39): message : or       'std::basic_ostream<char,std::char_traits<char>> &std::basic_ostream<char,std::char_traits<char>>::operator <<(unsigned __int64)'
C:\Program Files\Microsoft Visual Studio\2022\Community\VC\Tools\MSVC\14.37.32822\include\ostream(359,39): message : or       'std::basic_ostream<char,std::char_traits<char>> &std::basic_ostream<char,std::char_traits<char>>::operator <<(__int64)'
C:\Program Files\Microsoft Visual Studio\2022\Community\VC\Tools\MSVC\14.37.32822\include\ostream(341,39): message : or       'std::basic_ostream<char,std::char_traits<char>> &std::basic_ostream<char,std::char_traits<char>>::operator <<(unsigned long)'
C:\Program Files\Microsoft Visual Studio\2022\Community\VC\Tools\MSVC\14.37.32822\include\ostream(323,39): message : or       'std::basic_ostream<char,std::char_traits<char>> &std::basic_ostream<char,std::char_traits<char>>::operator <<(long)'
C:\Program Files\Microsoft Visual Studio\2022\Community\VC\Tools\MSVC\14.37.32822\include\ostream(304,39): message : or       'std::basic_ostream<char,std::char_traits<char>> &std::basic_ostream<char,std::char_traits<char>>::operator <<(unsigned int)'
C:\Program Files\Microsoft Visual Studio\2022\Community\VC\Tools\MSVC\14.37.32822\include\ostream(278,39): message : or       'std::basic_ostream<char,std::char_traits<char>> &std::basic_ostream<char,std::char_traits<char>>::operator <<(int)'
C:\Program Files\Microsoft Visual Studio\2022\Community\VC\Tools\MSVC\14.37.32822\include\ostream(259,39): message : or       'std::basic_ostream<char,std::char_traits<char>> &std::basic_ostream<char,std::char_traits<char>>::operator <<(unsigned short)'
C:\Program Files\Microsoft Visual Studio\2022\Community\VC\Tools\MSVC\14.37.32822\include\ostream(225,39): message : or       'std::basic_ostream<char,std::char_traits<char>> &std::basic_ostream<char,std::char_traits<char>>::operator <<(short)'
C:\Program Files\Microsoft Visual Studio\2022\Community\VC\Tools\MSVC\14.37.32822\include\ostream(207,39): message : or       'std::basic_ostream<char,std::char_traits<char>> &std::basic_ostream<char,std::char_traits<char>>::operator <<(bool)'
C:\Program Files\Microsoft Visual Studio\2022\Community\VC\Tools\MSVC\14.37.32822\include\ostream(201,39): message : or       'std::basic_ostream<char,std::char_traits<char>> &std::basic_ostream<char,std::char_traits<char>>::operator <<(std::ios_base &(__cdecl *)(std::ios_base &))'
C:\Program Files\Microsoft Visual Studio\2022\Community\VC\Tools\MSVC\14.37.32822\include\ostream(195,39): message : or       'std::basic_ostream<char,std::char_traits<char>> &std::basic_ostream<char,std::char_traits<char>>::operator <<(std::basic_ios<char,std::char_traits<char>> &(__cdecl *)(std::basic_ios<char,std::char_traits<char>> &))'
C:\Program Files\Microsoft Visual Studio\2022\Community\VC\Tools\MSVC\14.37.32822\include\ostream(190,39): message : or       'std::basic_ostream<char,std::char_traits<char>> &std::basic_ostream<char,std::char_traits<char>>::operator <<(std::basic_ostream<char,std::char_traits<char>> &(__cdecl *)(std::basic_ostream<char,std::char_traits<char>> &))'
M:\4TH SEMESTER\DSA\lab 2 Formatted files stream\Task 2\Task 2\FileName.cpp(12,18): message : or       'std::ostream &operator <<(std::ofstream &,Student &)' [found using argument-dependent lookup]
C:\Program Files\Microsoft Visual Studio\2022\Community\VC\Tools\MSVC\14.37.32822\include\ostream(1081,32): message : or       'std::basic_ostream<_Elem,_Traits> &std::operator <<(std::basic_ostream<_Elem,_Traits> &,const std::error_code &)'
M:\4TH SEMESTER\DSA\lab 2 Formatted files stream\Task 2\Task 2\FileName.cpp(29,12): message : 'initializing': cannot convert from 'Student' to 'const std::error_code &'
M:\4TH SEMESTER\DSA\lab 2 Formatted files stream\Task 2\Task 2\FileName.cpp(29,12): message : Reason: cannot convert from 'Student' to 'const std::error_code'
M:\4TH SEMESTER\DSA\lab 2 Formatted files stream\Task 2\Task 2\FileName.cpp(29,12): message : No user-defined-conversion operator available that can perform this conversion, or the operator cannot be called
C:\Program Files\Microsoft Visual Studio\2022\Community\VC\Tools\MSVC\14.37.32822\include\ostream(1004,9): message : or       '_Ostr &&std::operator <<(_Ostr &&,const _Ty &)'
M:\4TH SEMESTER\DSA\lab 2 Formatted files stream\Task 2\Task 2\FileName.cpp(29,4): message : '_Ostr &&std::operator <<(_Ostr &&,const _Ty &)': could not deduce template argument for '__formal'
C:\Program Files\Microsoft Visual Studio\2022\Community\VC\Tools\MSVC\14.37.32822\include\ostream(946,31): message : or       'std::basic_ostream<char,_Traits> &std::operator <<(std::basic_ostream<char,_Traits> &,unsigned char)'
M:\4TH SEMESTER\DSA\lab 2 Formatted files stream\Task 2\Task 2\FileName.cpp(29,12): message : 'initializing': cannot convert from 'Student' to 'unsigned char'
M:\4TH SEMESTER\DSA\lab 2 Formatted files stream\Task 2\Task 2\FileName.cpp(29,12): message : No user-defined-conversion operator available that can perform this conversion, or the operator cannot be called
C:\Program Files\Microsoft Visual Studio\2022\Community\VC\Tools\MSVC\14.37.32822\include\ostream(940,31): message : or       'std::basic_ostream<char,_Traits> &std::operator <<(std::basic_ostream<char,_Traits> &,const unsigned char *)'
M:\4TH SEMESTER\DSA\lab 2 Formatted files stream\Task 2\Task 2\FileName.cpp(29,12): message : 'initializing': cannot convert from 'Student' to 'const unsigned char *'
M:\4TH SEMESTER\DSA\lab 2 Formatted files stream\Task 2\Task 2\FileName.cpp(29,12): message : No user-defined-conversion operator available that can perform this conversion, or the operator cannot be called
C:\Program Files\Microsoft Visual Studio\2022\Community\VC\Tools\MSVC\14.37.32822\include\ostream(935,31): message : or       'std::basic_ostream<char,_Traits> &std::operator <<(std::basic_ostream<char,_Traits> &,signed char)'
M:\4TH SEMESTER\DSA\lab 2 Formatted files stream\Task 2\Task 2\FileName.cpp(29,12): message : 'initializing': cannot convert from 'Student' to 'signed char'
M:\4TH SEMESTER\DSA\lab 2 Formatted files stream\Task 2\Task 2\FileName.cpp(29,12): message : No user-defined-conversion operator available that can perform this conversion, or the operator cannot be called
C:\Program Files\Microsoft Visual Studio\2022\Community\VC\Tools\MSVC\14.37.32822\include\ostream(929,31): message : or       'std::basic_ostream<char,_Traits> &std::operator <<(std::basic_ostream<char,_Traits> &,const signed char *)'
M:\4TH SEMESTER\DSA\lab 2 Formatted files stream\Task 2\Task 2\FileName.cpp(29,12): message : 'initializing': cannot convert from 'Student' to 'const signed char *'
M:\4TH SEMESTER\DSA\lab 2 Formatted files stream\Task 2\Task 2\FileName.cpp(29,12): message : No user-defined-conversion operator available that can perform this conversion, or the operator cannot be called
C:\Program Files\Microsoft Visual Studio\2022\Community\VC\Tools\MSVC\14.37.32822\include\ostream(893,32): message : or       'std::basic_ostream<_Elem,_Traits> &std::operator <<(std::basic_ostream<_Elem,_Traits> &,_Elem)'
M:\4TH SEMESTER\DSA\lab 2 Formatted files stream\Task 2\Task 2\FileName.cpp(29,4): message : 'std::basic_ostream<_Elem,_Traits> &std::operator <<(std::basic_ostream<_Elem,_Traits> &,_Elem)': template parameter '_Elem' is ambiguous
M:\4TH SEMESTER\DSA\lab 2 Formatted files stream\Task 2\Task 2\FileName.cpp(29,4): message : could be 'Student'
M:\4TH SEMESTER\DSA\lab 2 Formatted files stream\Task 2\Task 2\FileName.cpp(29,4): message : or       'char'
M:\4TH SEMESTER\DSA\lab 2 Formatted files stream\Task 2\Task 2\FileName.cpp(29,4): message : 'std::basic_ostream<_Elem,_Traits> &std::operator <<(std::basic_ostream<_Elem,_Traits> &,_Elem)': could not deduce template argument for '_Elem' from 'Student'
C:\Program Files\Microsoft Visual Studio\2022\Community\VC\Tools\MSVC\14.37.32822\include\ostream(850,32): message : or       'std::basic_ostream<_Elem,_Traits> &std::operator <<(std::basic_ostream<_Elem,_Traits> &,const _Elem *)'
M:\4TH SEMESTER\DSA\lab 2 Formatted files stream\Task 2\Task 2\FileName.cpp(29,4): message : 'std::basic_ostream<_Elem,_Traits> &std::operator <<(std::basic_ostream<_Elem,_Traits> &,const _Elem *)': could not deduce template argument for 'const _Elem *' from 'Student'
C:\Program Files\Microsoft Visual Studio\2022\Community\VC\Tools\MSVC\14.37.32822\include\ostream(812,31): message : or       'std::basic_ostream<char,_Traits> &std::operator <<(std::basic_ostream<char,_Traits> &,char)'
M:\4TH SEMESTER\DSA\lab 2 Formatted files stream\Task 2\Task 2\FileName.cpp(29,12): message : 'initializing': cannot convert from 'Student' to 'char'
M:\4TH SEMESTER\DSA\lab 2 Formatted files stream\Task 2\Task 2\FileName.cpp(29,12): message : No user-defined-conversion operator available that can perform this conversion, or the operator cannot be called
C:\Program Files\Microsoft Visual Studio\2022\Community\VC\Tools\MSVC\14.37.32822\include\ostream(767,31): message : or       'std::basic_ostream<char,_Traits> &std::operator <<(std::basic_ostream<char,_Traits> &,const char *)'
M:\4TH SEMESTER\DSA\lab 2 Formatted files stream\Task 2\Task 2\FileName.cpp(29,12): message : 'initializing': cannot convert from 'Student' to 'const char *'
M:\4TH SEMESTER\DSA\lab 2 Formatted files stream\Task 2\Task 2\FileName.cpp(29,12): message : No user-defined-conversion operator available that can perform this conversion, or the operator cannot be called
C:\Program Files\Microsoft Visual Studio\2022\Community\VC\Tools\MSVC\14.37.32822\include\ostream(731,32): message : or       'std::basic_ostream<_Elem,_Traits> &std::operator <<(std::basic_ostream<_Elem,_Traits> &,char)'
M:\4TH SEMESTER\DSA\lab 2 Formatted files stream\Task 2\Task 2\FileName.cpp(29,12): message : 'initializing': cannot convert from 'Student' to 'char'
M:\4TH SEMESTER\DSA\lab 2 Formatted files stream\Task 2\Task 2\FileName.cpp(29,12): message : No user-defined-conversion operator available that can perform this conversion, or the operator cannot be called
C:\Program Files\Microsoft Visual Studio\2022\Community\VC\Tools\MSVC\14.37.32822\include\ostream(687,32): message : or       'std::basic_ostream<_Elem,_Traits> &std::operator <<(std::basic_ostream<_Elem,_Traits> &,const char *)'
M:\4TH SEMESTER\DSA\lab 2 Formatted files stream\Task 2\Task 2\FileName.cpp(29,12): message : 'initializing': cannot convert from 'Student' to 'const char *'
M:\4TH SEMESTER\DSA\lab 2 Formatted files stream\Task 2\Task 2\FileName.cpp(29,12): message : No user-defined-conversion operator available that can perform this conversion, or the operator cannot be called
C:\Program Files\Microsoft Visual Studio\2022\Community\VC\Tools\MSVC\14.37.32822\include\memory(3641,32): message : or       'std::basic_ostream<_Elem,_Traits> &std::operator <<(std::basic_ostream<_Elem,_Traits> &,const std::unique_ptr<_Ty2,_Dx2> &)'
M:\4TH SEMESTER\DSA\lab 2 Formatted files stream\Task 2\Task 2\FileName.cpp(29,4): message : 'std::basic_ostream<_Elem,_Traits> &std::operator <<(std::basic_ostream<_Elem,_Traits> &,const std::unique_ptr<_Ty2,_Dx2> &)': could not deduce template argument for 'const std::unique_ptr<_Ty2,_Dx2> &' from 'Student'
C:\Program Files\Microsoft Visual Studio\2022\Community\VC\Tools\MSVC\14.37.32822\include\memory(1988,32): message : or       'std::basic_ostream<_Elem,_Traits> &std::operator <<(std::basic_ostream<_Elem,_Traits> &,const std::shared_ptr<_Ty> &)'
M:\4TH SEMESTER\DSA\lab 2 Formatted files stream\Task 2\Task 2\FileName.cpp(29,4): message : 'std::basic_ostream<_Elem,_Traits> &std::operator <<(std::basic_ostream<_Elem,_Traits> &,const std::shared_ptr<_Ty> &)': could not deduce template argument for 'const std::shared_ptr<_Ty> &' from 'Student'
C:\Program Files\Microsoft Visual Studio\2022\Community\VC\Tools\MSVC\14.37.32822\include\xstring(5185,32): message : or       'std::basic_ostream<_Elem,_Traits> &std::operator <<(std::basic_ostream<_Elem,_Traits> &,const std::basic_string<_Elem,_Traits,_Alloc> &)'
M:\4TH SEMESTER\DSA\lab 2 Formatted files stream\Task 2\Task 2\FileName.cpp(29,4): message : 'std::basic_ostream<_Elem,_Traits> &std::operator <<(std::basic_ostream<_Elem,_Traits> &,const std::basic_string<_Elem,_Traits,_Alloc> &)': could not deduce template argument for 'const std::basic_string<_Elem,_Traits,_Alloc> &' from 'Student'
M:\4TH SEMESTER\DSA\lab 2 Formatted files stream\Task 2\Task 2\FileName.cpp(29,4): message : while trying to match the argument list '(std::ostream, Student)'
